<?xml version="1.0" encoding="UTF-8"?>
<testng-results ignored="0" total="1" passed="1" failed="0" skipped="0">
  <reporter-output>
  </reporter-output>
  <suite started-at="2025-06-13T14:04:38 IST" name="Suite" finished-at="2025-06-13T14:04:38 IST" duration-ms="70">
    <groups>
    </groups>
    <test started-at="2025-06-13T14:04:38 IST" name="Test" finished-at="2025-06-13T14:04:38 IST" duration-ms="70">
      <class name="rare.Rare">
        <test-method signature="rarer()[pri:0, instance:rare.Rare@22ff4249]" started-at="2025-06-13T14:04:38 IST" name="rarer" finished-at="2025-06-13T14:04:38 IST" duration-ms="14" status="PASS">
          <reporter-output>
          </reporter-output>
        </test-method> <!-- rarer -->
      </class> <!-- rare.Rare -->
    </test> <!-- Test -->
  </suite> <!-- Suite -->
</testng-results>
